2011-01-18 21:14:41,592 INFO ringo.webapp.daemon - init
2011-01-18 21:14:42,433 INFO ringo.webapp.daemon - start
2011-01-18 21:14:42,435 INFO org.eclipse.jetty.util.log - jetty-7.1.6.v20100715
2011-01-18 21:14:42,509 INFO org.eclipse.jetty.util.log - Started SelectChannelConnector@0.0.0.0:8080
2011-01-18 21:16:39,761 INFO org.eclipse.jetty.util.log - Graceful shutdown SelectChannelConnector@0.0.0.0:8080
2011-01-18 21:16:40,510 INFO org.eclipse.jetty.util.log - Graceful shutdown ServletContextHandler@372eabae@372eabae/,null
2011-01-18 21:16:40,511 INFO org.eclipse.jetty.util.log - Graceful shutdown ServletContextHandler@590948cf@590948cf/static,file:/home/www/autofocus/static/
2011-01-18 21:16:46,444 INFO ringo.webapp.daemon - init
2011-01-18 21:16:47,129 INFO ringo.webapp.daemon - start
2011-01-18 21:16:47,131 INFO org.eclipse.jetty.util.log - jetty-7.1.6.v20100715
2011-01-18 21:16:47,195 INFO org.eclipse.jetty.util.log - Started SelectChannelConnector@0.0.0.0:8080
2011-01-18 21:16:56,711 WARN org.eclipse.jetty.util.log - /
org.mozilla.javascript.WrappedException: Wrapped java.io.FileNotFoundException: /home/www/autofocus/undefined/list.html (No such file or directory) (fs.js#64)
	at org.mozilla.javascript.Context.throwAsScriptRuntimeEx(Context.java:1781)
	at org.mozilla.javascript.MemberBox.newInstance(MemberBox.java:202)
	at org.mozilla.javascript.NativeJavaClass.constructSpecific(NativeJavaClass.java:282)
	at org.mozilla.javascript.NativeJavaClass.construct(NativeJavaClass.java:200)
	at org.mozilla.javascript.Interpreter.interpretLoop(Interpreter.java:1757)
	at script.open(fs.js:64)
	at script.read(fs.js:81)
	at script(Autofocus/Site.js:14)
	at script(Autofocus/Site.js:4)
	at script(ctl/WebMapper.js:91)
	at script(config.js:117)
	at script.resolveInConfig(ringo/webapp.js:84)
	at script.handleRequest(ringo/webapp.js:41)
	at script.handleRequest(ringo/jsgi.js:36)
	at org.mozilla.javascript.Interpreter.interpret(Interpreter.java:854)
	at org.mozilla.javascript.InterpretedFunction.call(InterpretedFunction.java:164)
	at org.mozilla.javascript.ContextFactory.doTopCall(ContextFactory.java:426)
	at org.mozilla.javascript.ScriptRuntime.doTopCall(ScriptRuntime.java:3161)
	at org.mozilla.javascript.InterpretedFunction.call(InterpretedFunction.java:162)
	at org.ringojs.engine.RhinoEngine.invoke(RhinoEngine.java:256)
	at org.ringojs.jsgi.JsgiServlet.service(JsgiServlet.java:127)
	at javax.servlet.http.HttpServlet.service(HttpServlet.java:820)
	at org.eclipse.jetty.servlet.ServletHolder.handle(ServletHolder.java:527)
	at org.eclipse.jetty.servlet.ServletHandler.doHandle(ServletHandler.java:423)
	at org.eclipse.jetty.server.handler.ScopedHandler.handle(ScopedHandler.java:119)
	at org.eclipse.jetty.security.SecurityHandler.handle(SecurityHandler.java:493)
	at org.eclipse.jetty.server.session.SessionHandler.doHandle(SessionHandler.java:225)
	at org.eclipse.jetty.server.handler.ContextHandler.doHandle(ContextHandler.java:930)
	at org.eclipse.jetty.servlet.ServletHandler.doScope(ServletHandler.java:358)
	at org.eclipse.jetty.server.session.SessionHandler.doScope(SessionHandler.java:183)
	at org.eclipse.jetty.server.handler.ContextHandler.doScope(ContextHandler.java:866)
	at org.eclipse.jetty.server.handler.ScopedHandler.handle(ScopedHandler.java:117)
	at org.eclipse.jetty.server.handler.ContextHandlerCollection.handle(ContextHandlerCollection.java:245)
	at org.eclipse.jetty.server.handler.HandlerCollection.handle(HandlerCollection.java:126)
	at org.eclipse.jetty.server.handler.HandlerWrapper.handle(HandlerWrapper.java:113)
	at org.eclipse.jetty.server.Server.handle(Server.java:351)
	at org.eclipse.jetty.server.HttpConnection.handleRequest(HttpConnection.java:594)
	at org.eclipse.jetty.server.HttpConnection$RequestHandler.headerComplete(HttpConnection.java:1042)
	at org.eclipse.jetty.http.HttpParser.parseNext(HttpParser.java:549)
	at org.eclipse.jetty.http.HttpParser.parseAvailable(HttpParser.java:211)
	at org.eclipse.jetty.server.HttpConnection.handle(HttpConnection.java:424)
	at org.eclipse.jetty.io.nio.SelectChannelEndPoint.run(SelectChannelEndPoint.java:506)
	at org.eclipse.jetty.util.thread.QueuedThreadPool$2.run(QueuedThreadPool.java:436)
	at java.lang.Thread.run(Thread.java:636)
Caused by: java.io.FileNotFoundException: /home/www/autofocus/undefined/list.html (No such file or directory)
	at java.io.FileInputStream.open(Native Method)
	at java.io.FileInputStream.<init>(FileInputStream.java:137)
	at sun.reflect.NativeConstructorAccessorImpl.newInstance0(Native Method)
	at sun.reflect.NativeConstructorAccessorImpl.newInstance(NativeConstructorAccessorImpl.java:57)
	at sun.reflect.DelegatingConstructorAccessorImpl.newInstance(DelegatingConstructorAccessorImpl.java:45)
	at java.lang.reflect.Constructor.newInstance(Constructor.java:532)
	at org.mozilla.javascript.MemberBox.newInstance(MemberBox.java:194)
	... 33 more
2011-01-18 21:17:35,544 INFO org.eclipse.jetty.util.log - Graceful shutdown SelectChannelConnector@0.0.0.0:8080
2011-01-18 21:17:36,233 INFO org.eclipse.jetty.util.log - Graceful shutdown ServletContextHandler@74ac576f@74ac576f/,null
2011-01-18 21:17:36,233 INFO org.eclipse.jetty.util.log - Graceful shutdown ServletContextHandler@5ea07440@5ea07440/static,file:/home/www/autofocus/static/
2011-01-18 21:17:42,831 INFO ringo.webapp.daemon - init
2011-01-18 21:17:43,255 INFO ringo.webapp.daemon - start
2011-01-18 21:17:43,256 INFO org.eclipse.jetty.util.log - jetty-7.1.6.v20100715
2011-01-18 21:17:43,339 INFO org.eclipse.jetty.util.log - Started SelectChannelConnector@0.0.0.0:8080
